<?xml version="1.0" encoding="UTF-8"?>
<testng-results ignored="0" total="1" passed="1" failed="0" skipped="0">
  <reporter-output>
  </reporter-output>
  <suite started-at="2025-04-26T11:07:34 IST" name="Default suite" finished-at="2025-04-26T11:07:48 IST" duration-ms="13921">
    <groups>
    </groups>
    <test started-at="2025-04-26T11:07:34 IST" name="Default test" finished-at="2025-04-26T11:07:48 IST" duration-ms="13921">
      <class name="com.automation.SeleniumProject.CartTest">
        <test-method is-config="true" signature="setupExtent()[pri:0, instance:com.automation.SeleniumProject.CartTest@74fe5c40]" started-at="2025-04-26T11:07:34 IST" name="setupExtent" finished-at="2025-04-26T11:07:35 IST" duration-ms="495" status="PASS">
          <reporter-output>
          </reporter-output>
        </test-method> <!-- setupExtent -->
        <test-method is-config="true" signature="setup()[pri:0, instance:com.automation.SeleniumProject.CartTest@74fe5c40]" started-at="2025-04-26T11:07:35 IST" name="setup" finished-at="2025-04-26T11:07:41 IST" duration-ms="6493" status="PASS">
          <reporter-output>
          </reporter-output>
        </test-method> <!-- setup -->
        <test-method signature="addProductToCartWithOutLogin()[pri:0, instance:com.automation.SeleniumProject.CartTest@74fe5c40]" started-at="2025-04-26T11:07:41 IST" name="addProductToCartWithOutLogin" finished-at="2025-04-26T11:07:47 IST" duration-ms="5867" status="PASS">
          <reporter-output>
          </reporter-output>
        </test-method> <!-- addProductToCartWithOutLogin -->
        <test-method is-config="true" signature="tearDown()[pri:0, instance:com.automation.SeleniumProject.CartTest@74fe5c40]" started-at="2025-04-26T11:07:47 IST" name="tearDown" finished-at="2025-04-26T11:07:47 IST" duration-ms="401" status="PASS">
          <reporter-output>
          </reporter-output>
        </test-method> <!-- tearDown -->
        <test-method is-config="true" signature="flushExtentReports()[pri:0, instance:com.automation.SeleniumProject.CartTest@74fe5c40]" started-at="2025-04-26T11:07:47 IST" name="flushExtentReports" finished-at="2025-04-26T11:07:48 IST" duration-ms="619" status="PASS">
          <reporter-output>
          </reporter-output>
        </test-method> <!-- flushExtentReports -->
      </class> <!-- com.automation.SeleniumProject.CartTest -->
    </test> <!-- Default test -->
  </suite> <!-- Default suite -->
</testng-results>
